d:\documents\opengl\glfw-opengl\glfw\x64\debug\vc143.pdb
d:\documents\opengl\glfw-opengl\glfw\x64\debug\vc143.idb
d:\documents\opengl\glfw-opengl\glfw\x64\debug\vertexbufferlayout.obj
d:\documents\opengl\glfw-opengl\glfw\x64\debug\vertexbuffer.obj
d:\documents\opengl\glfw-opengl\glfw\x64\debug\vertexarray.obj
d:\documents\opengl\glfw-opengl\glfw\x64\debug\stb_image.obj
d:\documents\opengl\glfw-opengl\glfw\x64\debug\imgui_widgets.obj
d:\documents\opengl\glfw-opengl\glfw\x64\debug\imgui_tables.obj
d:\documents\opengl\glfw-opengl\glfw\x64\debug\imgui_impl_opengl3.obj
d:\documents\opengl\glfw-opengl\glfw\x64\debug\imgui_impl_glfw.obj
d:\documents\opengl\glfw-opengl\glfw\x64\debug\imgui_draw.obj
d:\documents\opengl\glfw-opengl\glfw\x64\debug\imgui_demo.obj
d:\documents\opengl\glfw-opengl\glfw\x64\debug\imgui.obj
d:\documents\opengl\glfw-opengl\glfw\x64\debug\texture.obj
d:\documents\opengl\glfw-opengl\glfw\x64\debug\testclearcolor.obj
d:\documents\opengl\glfw-opengl\glfw\x64\debug\shader.obj
d:\documents\opengl\glfw-opengl\glfw\x64\debug\renderer.obj
d:\documents\opengl\glfw-opengl\glfw\x64\debug\indexbuffer.obj
d:\documents\opengl\glfw-opengl\glfw\x64\debug\application.obj
d:\documents\opengl\glfw-opengl\x64\debug\glfw.pdb
d:\documents\opengl\glfw-opengl\glfw\x64\debug\glfw.tlog\cl.command.1.tlog
d:\documents\opengl\glfw-opengl\glfw\x64\debug\glfw.tlog\cl.read.1.tlog
d:\documents\opengl\glfw-opengl\glfw\x64\debug\glfw.tlog\cl.write.1.tlog
d:\documents\opengl\glfw-opengl\glfw\x64\debug\glfw.tlog\link-cvtres.read.1.tlog
d:\documents\opengl\glfw-opengl\glfw\x64\debug\glfw.tlog\link-cvtres.write.1.tlog
d:\documents\opengl\glfw-opengl\glfw\x64\debug\glfw.tlog\link-rc.read.1.tlog
d:\documents\opengl\glfw-opengl\glfw\x64\debug\glfw.tlog\link-rc.write.1.tlog
d:\documents\opengl\glfw-opengl\glfw\x64\debug\glfw.tlog\link.command.1.tlog
d:\documents\opengl\glfw-opengl\glfw\x64\debug\glfw.tlog\link.read.1.tlog
d:\documents\opengl\glfw-opengl\glfw\x64\debug\glfw.tlog\link.read.2.tlog
d:\documents\opengl\glfw-opengl\glfw\x64\debug\glfw.tlog\link.write.1.tlog
